<?xml version="1.0" encoding="UTF-8"?>
<robot generator="Robot 3.1.2 (Python 3.7.4 on win32)" generated="20200106 16:05:22.359" rpa="false">
<suite id="s1" name="Magenic Sample" source="C:\Users\brownt\git\MagenicSample\magenic_sample.robot">
<kw name="GotoMagenicSite" type="setup">
<kw name="Open Browser" library="SeleniumLibrary">
<doc>Opens a new browser instance to the given ``url``.</doc>
<arguments>
<arg>https://www.magenic.com</arg>
<arg>${Browser}</arg>
</arguments>
<msg timestamp="20200106 16:05:22.839" level="INFO">Opening browser 'chrome' to base url 'https://www.magenic.com'.</msg>
<status status="PASS" starttime="20200106 16:05:22.838" endtime="20200106 16:05:26.481"></status>
</kw>
<kw name="Log To Console" library="BuiltIn">
<doc>Logs the given message to the console.</doc>
<arguments>
<arg>done</arg>
</arguments>
<status status="PASS" starttime="20200106 16:05:26.482" endtime="20200106 16:05:26.482"></status>
</kw>
<status status="PASS" starttime="20200106 16:05:22.838" endtime="20200106 16:05:26.483"></status>
</kw>
<test id="s1-t1" name="Set Speed and Get DateTime">
<kw name="Set Selenium Speed" library="SeleniumLibrary">
<doc>Sets the delay that is waited after each Selenium command.</doc>
<arguments>
<arg>4</arg>
</arguments>
<status status="PASS" starttime="20200106 16:05:26.484" endtime="20200106 16:05:26.484"></status>
</kw>
<kw name="Set Browser Implicit Wait" library="SeleniumLibrary">
<doc>Sets the implicit wait value used by Selenium.</doc>
<arguments>
<arg>5</arg>
</arguments>
<status status="PASS" starttime="20200106 16:05:26.484" endtime="20200106 16:05:30.487"></status>
</kw>
<kw name="Get Datetime" library="my_code">
<assign>
<var>${DateTime}</var>
</assign>
<msg timestamp="20200106 16:05:30.488" level="INFO">${DateTime} = Year:2020 month: 01 day/hour:H16 Min: 05 Sec: 30</msg>
<status status="PASS" starttime="20200106 16:05:30.487" endtime="20200106 16:05:30.488"></status>
</kw>
<kw name="Log To Console" library="BuiltIn">
<doc>Logs the given message to the console.</doc>
<arguments>
<arg>${DateTime}</arg>
</arguments>
<status status="PASS" starttime="20200106 16:05:30.488" endtime="20200106 16:05:30.488"></status>
</kw>
<doc>documentation must start intented (this is a note from me)</doc>
<tags>
<tag>Smoke</tag>
</tags>
<status status="PASS" starttime="20200106 16:05:26.483" endtime="20200106 16:05:30.489" critical="yes"></status>
</test>
<test id="s1-t2" name="Click On Contact">
<kw name="Log To Console" library="BuiltIn">
<doc>Logs the given message to the console.</doc>
<arguments>
<arg>Clicking on Contact button</arg>
</arguments>
<status status="PASS" starttime="20200106 16:05:30.490" endtime="20200106 16:05:30.490"></status>
</kw>
<doc>documentation must start intented (this is a note from me)</doc>
<tags>
<tag>All</tag>
<tag>CompanionMode</tag>
<tag>CRUD</tag>
<tag>DebugOnly</tag>
<tag>DontRun</tag>
<tag>LowLevel</tag>
<tag>TopLevel</tag>
</tags>
<status status="PASS" starttime="20200106 16:05:30.490" endtime="20200106 16:05:30.491" critical="yes"></status>
</test>
<kw name="Test Teardown" type="teardown">
<kw name="Close Browser" library="SeleniumLibrary">
<doc>Closes the current browser.</doc>
<status status="PASS" starttime="20200106 16:05:30.492" endtime="20200106 16:05:36.498"></status>
</kw>
<status status="PASS" starttime="20200106 16:05:30.492" endtime="20200106 16:05:36.498"></status>
</kw>
<doc>Magenic Sample App</doc>
<status status="PASS" starttime="20200106 16:05:22.360" endtime="20200106 16:05:36.498"></status>
</suite>
<statistics>
<total>
<stat pass="2" fail="0">Critical Tests</stat>
<stat pass="2" fail="0">All Tests</stat>
</total>
<tag>
<stat pass="1" fail="0">All</stat>
<stat pass="1" fail="0">CompanionMode</stat>
<stat pass="1" fail="0">CRUD</stat>
<stat pass="1" fail="0">DebugOnly</stat>
<stat pass="1" fail="0">DontRun</stat>
<stat pass="1" fail="0">LowLevel</stat>
<stat pass="1" fail="0">Smoke</stat>
<stat pass="1" fail="0">TopLevel</stat>
</tag>
<suite>
<stat pass="2" fail="0" id="s1" name="Magenic Sample">Magenic Sample</stat>
</suite>
</statistics>
<errors>
<msg timestamp="20200106 16:05:22.802" level="ERROR">Error in file 'C:\Users\brownt\git\MagenicSample\magenic_sample.robot': Importing test library 'MongoDBLibrary' failed: ModuleNotFoundError: No module named 'mongo_connection_manager'
Traceback (most recent call last):
  File "c:\program files\python37\lib\site-packages\MongoDBLibrary\__init__.py", line 1, in &lt;module&gt;
    from mongo_connection_manager import MongoConnectionManager
PYTHONPATH:
  c:\program files\python37\scripts\robot.exe
  C:\Program Files\Python37
  c:\users\brownt\PycharmProjects\AppiumExperiment
  c:\users\brownt\PycharmProjects\AppiumExperiment\src
  C:\Users\brownt\git\MagenicSample
  c:\program files\python37\python37.zip
  c:\program files\python37\DLLs
  c:\program files\python37\lib
  c:\program files\python37\lib\site-packages
  c:\program files\python37\lib\site-packages\win32
  c:\program files\python37\lib\site-packages\win32\lib
  c:\program files\python37\lib\site-packages\Pythonwin</msg>
</errors>
</robot>
