<?xml version="1.0" encoding="UTF-8"?>
<robot generator="Robot 3.1.2 (Python 3.7.4 on win32)" generated="20200106 12:49:36.642" rpa="false">
<suite id="s1" name="Magenic Sample" source="C:\Users\brownt\git\MagenicSample\magenic_sample.robot">
<kw name="GotoMagenicSite" type="setup">
<kw name="Open Browser" library="SeleniumLibrary">
<doc>Opens a new browser instance to the given ``url``.</doc>
<arguments>
<arg>https://www.magenic.com</arg>
<arg>${Browser}</arg>
</arguments>
<msg timestamp="20200106 12:49:36.974" level="INFO">Opening browser 'chrome' to base url 'https://www.magenic.com'.</msg>
<status status="PASS" starttime="20200106 12:49:36.973" endtime="20200106 12:49:40.881"></status>
</kw>
<kw name="Log To Console" library="BuiltIn">
<doc>Logs the given message to the console.</doc>
<arguments>
<arg>done</arg>
</arguments>
<status status="PASS" starttime="20200106 12:49:40.881" endtime="20200106 12:49:40.882"></status>
</kw>
<status status="PASS" starttime="20200106 12:49:36.973" endtime="20200106 12:49:40.882"></status>
</kw>
<test id="s1-t1" name="Set Speed and Get DateTime">
<kw name="Set Selenium Speed" library="SeleniumLibrary">
<doc>Sets the delay that is waited after each Selenium command.</doc>
<arguments>
<arg>4</arg>
</arguments>
<status status="PASS" starttime="20200106 12:49:40.883" endtime="20200106 12:49:40.883"></status>
</kw>
<kw name="Set Browser Implicit Wait" library="SeleniumLibrary">
<doc>Sets the implicit wait value used by Selenium.</doc>
<arguments>
<arg>5</arg>
</arguments>
<status status="PASS" starttime="20200106 12:49:40.883" endtime="20200106 12:49:44.886"></status>
</kw>
<kw name="Get Datetime" library="my_code">
<assign>
<var>${DateTime}</var>
</assign>
<msg timestamp="20200106 12:49:44.887" level="INFO">${DateTime} = Y2020m01dH12M49S44</msg>
<status status="PASS" starttime="20200106 12:49:44.886" endtime="20200106 12:49:44.887"></status>
</kw>
<kw name="Log To Console" library="BuiltIn">
<doc>Logs the given message to the console.</doc>
<arguments>
<arg>${DateTime}</arg>
</arguments>
<status status="PASS" starttime="20200106 12:49:44.887" endtime="20200106 12:49:44.887"></status>
</kw>
<doc>documentation must start intented (this is a note from me)</doc>
<tags>
<tag>Smoke</tag>
</tags>
<status status="PASS" starttime="20200106 12:49:40.882" endtime="20200106 12:49:44.888" critical="yes"></status>
</test>
<test id="s1-t2" name="Click On Contact">
<kw name="Log To Console" library="BuiltIn">
<doc>Logs the given message to the console.</doc>
<arguments>
<arg>Clicking on Contact button</arg>
</arguments>
<status status="PASS" starttime="20200106 12:49:44.891" endtime="20200106 12:49:44.892"></status>
</kw>
<doc>documentation must start intented (this is a note from me)</doc>
<tags>
<tag>All</tag>
<tag>CompanionMode</tag>
<tag>CRUD</tag>
<tag>DebugOnly</tag>
<tag>DontRun</tag>
<tag>LowLevel</tag>
<tag>TopLevel</tag>
</tags>
<status status="PASS" starttime="20200106 12:49:44.890" endtime="20200106 12:49:44.892" critical="yes"></status>
</test>
<doc>Magenic Sample App</doc>
<status status="PASS" starttime="20200106 12:49:36.644" endtime="20200106 12:49:44.894"></status>
</suite>
<statistics>
<total>
<stat pass="2" fail="0">Critical Tests</stat>
<stat pass="2" fail="0">All Tests</stat>
</total>
<tag>
<stat pass="1" fail="0">All</stat>
<stat pass="1" fail="0">CompanionMode</stat>
<stat pass="1" fail="0">CRUD</stat>
<stat pass="1" fail="0">DebugOnly</stat>
<stat pass="1" fail="0">DontRun</stat>
<stat pass="1" fail="0">LowLevel</stat>
<stat pass="1" fail="0">Smoke</stat>
<stat pass="1" fail="0">TopLevel</stat>
</tag>
<suite>
<stat pass="2" fail="0" id="s1" name="Magenic Sample">Magenic Sample</stat>
</suite>
</statistics>
<errors>
</errors>
</robot>
