<?xml version="1.0" encoding="UTF-8"?>
<robot generator="Robot 3.1.2 (Python 3.8.1 on win32)" generated="20200115 18:55:42.217" rpa="false">
<suite id="s1" name="Magenic Sample" source="C:\Users\Tom.Brown\git\TCTAG-Demo\magenic_sample.robot">
<kw name="GotoMagenicSite" type="setup">
<kw name="Open Browser" library="SeleniumLibrary">
<doc>Opens a new browser instance to the optional ``url``.</doc>
<arguments>
<arg>https://www.magenic.com</arg>
<arg>${Browser}</arg>
</arguments>
<msg timestamp="20200115 18:55:43.112" level="INFO">Opening browser 'firefox' to base url 'https://www.magenic.com'.</msg>
<msg timestamp="20200115 18:55:43.117" level="INFO">Firefox driver log is always forced to to: C:\Users\Tom.Brown\git\TCTAG-Demo\geckodriver-2.log</msg>
<status status="PASS" starttime="20200115 18:55:43.112" endtime="20200115 18:55:53.509"></status>
</kw>
<kw name="Log To Console" library="BuiltIn">
<doc>Logs the given message to the console.</doc>
<arguments>
<arg>done</arg>
</arguments>
<status status="PASS" starttime="20200115 18:55:53.509" endtime="20200115 18:55:53.510"></status>
</kw>
<status status="PASS" starttime="20200115 18:55:43.112" endtime="20200115 18:55:53.510"></status>
</kw>
<test id="s1-t1" name="Set Speed and Get DateTime">
<kw name="Set Selenium Speed" library="SeleniumLibrary">
<doc>Sets the delay that is waited after each Selenium command.</doc>
<arguments>
<arg>4</arg>
</arguments>
<status status="PASS" starttime="20200115 18:55:53.520" endtime="20200115 18:55:53.520"></status>
</kw>
<kw name="Set Browser Implicit Wait" library="SeleniumLibrary">
<doc>Sets the implicit wait value used by Selenium.</doc>
<arguments>
<arg>5</arg>
</arguments>
<status status="PASS" starttime="20200115 18:55:53.537" endtime="20200115 18:55:57.543"></status>
</kw>
<kw name="Get Datetime" library="my_code">
<assign>
<var>${DateTime}</var>
</assign>
<msg timestamp="20200115 18:55:57.544" level="INFO">${DateTime} = Year:2020 month: 01 day/hour:H18 Min: 55 Sec: 57</msg>
<status status="PASS" starttime="20200115 18:55:57.543" endtime="20200115 18:55:57.544"></status>
</kw>
<kw name="Log To Console" library="BuiltIn">
<doc>Logs the given message to the console.</doc>
<arguments>
<arg>${DateTime}</arg>
</arguments>
<status status="PASS" starttime="20200115 18:55:57.544" endtime="20200115 18:55:57.545"></status>
</kw>
<doc>documentation must start intented (this is a note from me)</doc>
<tags>
<tag>Smoke</tag>
</tags>
<status status="PASS" starttime="20200115 18:55:53.511" endtime="20200115 18:55:57.545" critical="yes"></status>
</test>
<test id="s1-t2" name="Click On Contact">
<kw name="Log To Console" library="BuiltIn">
<doc>Logs the given message to the console.</doc>
<arguments>
<arg>Clicking on Contact button</arg>
</arguments>
<status status="PASS" starttime="20200115 18:55:57.559" endtime="20200115 18:55:57.560"></status>
</kw>
<doc>documentation must start intented (this is a note from me)</doc>
<tags>
<tag>All</tag>
<tag>CompanionMode</tag>
<tag>CRUD</tag>
<tag>DebugOnly</tag>
<tag>DontRun</tag>
<tag>LowLevel</tag>
<tag>TopLevel</tag>
</tags>
<status status="PASS" starttime="20200115 18:55:57.558" endtime="20200115 18:55:57.561" critical="yes"></status>
</test>
<kw name="Test Teardown" type="teardown">
<kw name="Close Browser" library="SeleniumLibrary">
<doc>Closes the current browser.</doc>
<status status="PASS" starttime="20200115 18:55:57.562" endtime="20200115 18:56:03.429"></status>
</kw>
<status status="PASS" starttime="20200115 18:55:57.562" endtime="20200115 18:56:03.429"></status>
</kw>
<doc>Magenic Sample App</doc>
<status status="PASS" starttime="20200115 18:55:42.225" endtime="20200115 18:56:03.429"></status>
</suite>
<statistics>
<total>
<stat pass="2" fail="0">Critical Tests</stat>
<stat pass="2" fail="0">All Tests</stat>
</total>
<tag>
<stat pass="1" fail="0">All</stat>
<stat pass="1" fail="0">CompanionMode</stat>
<stat pass="1" fail="0">CRUD</stat>
<stat pass="1" fail="0">DebugOnly</stat>
<stat pass="1" fail="0">DontRun</stat>
<stat pass="1" fail="0">LowLevel</stat>
<stat pass="1" fail="0">Smoke</stat>
<stat pass="1" fail="0">TopLevel</stat>
</tag>
<suite>
<stat pass="2" fail="0" id="s1" name="Magenic Sample">Magenic Sample</stat>
</suite>
</statistics>
<errors>
<msg timestamp="20200115 18:55:42.828" level="ERROR">Error in file 'C:\Users\Tom.Brown\git\TCTAG-Demo\magenic_sample.robot': Importing test library 'mySQLAccess' failed: ModuleNotFoundError: No module named 'mySQLAccess'
Traceback (most recent call last):
  None
PYTHONPATH:
  C:\Program Files (x86)\Python38-32\Scripts\robot.exe
  c:\program files (x86)\python38-32\scripts
  c:\program files (x86)\python38-32
  c:\Program Files (x86)\python38-32\lib\site-packages
  C:\Users\Tom.Brown\git\TCTAG-Demo
  c:\program files (x86)\python38-32\python38.zip
  c:\program files (x86)\python38-32\DLLs
  c:\program files (x86)\python38-32\lib
  c:\program files (x86)\python38-32\lib\site-packages\win32
  c:\program files (x86)\python38-32\lib\site-packages\win32\lib
  c:\program files (x86)\python38-32\lib\site-packages\Pythonwin</msg>
</errors>
</robot>
